TN:
SF:src/presentation/helpers/http-response.js
FN:6,badRequest
FN:13,serverError
FN:20,unauthorizedError
FN:27,ok
FNF:4
FNH:4
FNDA:2,badRequest
FNDA:5,serverError
FNDA:1,unauthorizedError
FNDA:2,ok
DA:1,1
DA:2,1
DA:3,1
DA:4,1
DA:5,1
DA:6,1
DA:7,2
DA:8,2
DA:9,2
DA:10,2
DA:11,2
DA:12,1
DA:13,1
DA:14,5
DA:15,5
DA:16,5
DA:17,5
DA:18,5
DA:19,1
DA:20,1
DA:21,1
DA:22,1
DA:23,1
DA:24,1
DA:25,1
DA:26,1
DA:27,1
DA:28,2
DA:29,2
DA:30,2
DA:31,2
DA:32,2
DA:33,1
DA:34,1
DA:35,1
LF:35
LH:35
BRDA:6,0,0,2
BRDA:13,1,0,5
BRDA:20,2,0,1
BRDA:27,3,0,2
BRF:4
BRH:4
end_of_record
TN:
SF:src/presentation/helpers/missing-param-error.js
FN:2,MissingParamError
FNF:1
FNH:1
FNDA:4,MissingParamError
DA:1,1
DA:2,1
DA:3,4
DA:4,4
DA:5,4
DA:6,1
DA:7,1
DA:8,1
LF:8
LH:8
BRDA:2,0,0,4
BRF:1
BRH:1
end_of_record
TN:
SF:src/presentation/helpers/server-error.js
FN:2,ServerError
FNF:1
FNH:1
FNDA:10,ServerError
DA:1,1
DA:2,1
DA:3,10
DA:4,10
DA:5,10
DA:6,1
DA:7,1
DA:8,1
LF:8
LH:8
BRDA:2,0,0,10
BRF:1
BRH:1
end_of_record
TN:
SF:src/presentation/helpers/unauthorized-error.js
FN:2,UnauthorizedError
FNF:1
FNH:1
FNDA:2,UnauthorizedError
DA:1,1
DA:2,1
DA:3,2
DA:4,2
DA:5,2
DA:6,1
DA:7,1
DA:8,1
LF:8
LH:8
BRDA:2,0,0,2
BRF:1
BRH:1
end_of_record
TN:
SF:src/presentation/routes/login-router.js
FN:4,LoginRouter
FN:8,route
FNF:2
FNH:2
FNDA:10,LoginRouter
FNDA:10,route
DA:1,1
DA:2,1
DA:3,1
DA:4,1
DA:5,10
DA:6,10
DA:7,1
DA:8,1
DA:9,10
DA:10,10
DA:11,10
DA:12,10
DA:13,1
DA:14,1
DA:15,7
DA:16,10
DA:17,1
DA:18,1
DA:19,6
DA:20,6
DA:21,3
DA:22,10
DA:23,1
DA:24,1
DA:25,2
DA:26,10
DA:27,5
DA:28,5
DA:29,10
DA:30,1
DA:31,1
DA:32,1
LF:32
LH:32
BRDA:4,0,0,10
BRDA:8,1,0,10
BRDA:12,2,0,1
BRDA:14,3,0,7
BRDA:16,4,0,1
BRDA:18,5,0,6
BRDA:21,6,0,3
BRDA:22,7,0,1
BRDA:24,8,0,2
BRDA:26,9,0,5
BRF:10
BRH:10
end_of_record
